{"/Users/sir_adek/dev/chainedthrift-server/src/constants/signature-messages.ts": {"path":"/Users/sir_adek/dev/chainedthrift-server/src/constants/signature-messages.ts","statementMap":{"0":{"start":{"line":1,"column":13},"end":{"line":2,"column":44}},"1":{"start":{"line":4,"column":13},"end":{"line":4,"column":61}}},"fnMap":{},"branchMap":{},"s":{"0":2,"1":2},"f":{},"b":{}}
,"/Users/sir_adek/dev/chainedthrift-server/src/domain/use-cases/user/check-user.ts": {"path":"/Users/sir_adek/dev/chainedthrift-server/src/domain/use-cases/user/check-user.ts","statementMap":{"0":{"start":{"line":3,"column":0},"end":{"line":3,"column":90}},"1":{"start":{"line":7,"column":8},"end":{"line":7,"column":45}},"2":{"start":{"line":11,"column":8},"end":{"line":23,"column":null}},"3":{"start":{"line":12,"column":26},"end":{"line":12,"column":67}},"4":{"start":{"line":13,"column":12},"end":{"line":18,"column":null}},"5":{"start":{"line":14,"column":28},"end":{"line":16,"column":18}},"6":{"start":{"line":17,"column":16},"end":{"line":17,"column":26}},"7":{"start":{"line":19,"column":25},"end":{"line":19,"column":77}},"8":{"start":{"line":20,"column":12},"end":{"line":20,"column":61}},"9":{"start":{"line":22,"column":12},"end":{"line":22,"column":24}},"10":{"start":{"line":4,"column":0},"end":{"line":4,"column":13}},"11":{"start":{"line":27,"column":13},"end":{"line":27,"column":59}}},"fnMap":{"0":{"name":"(anonymous_7)","decl":{"start":{"line":6,"column":4},"end":{"line":6,"column":16}},"loc":{"start":{"line":6,"column":47},"end":{"line":8,"column":5}}},"1":{"name":"(anonymous_8)","decl":{"start":{"line":10,"column":10},"end":{"line":10,"column":17}},"loc":{"start":{"line":10,"column":39},"end":{"line":24,"column":null}}}},"branchMap":{"0":{"loc":{"start":{"line":13,"column":12},"end":{"line":18,"column":null}},"type":"if","locations":[{"start":{"line":13,"column":12},"end":{"line":18,"column":null}}]},"1":{"loc":{"start":{"line":20,"column":19},"end":{"line":20,"column":60}},"type":"cond-expr","locations":[{"start":{"line":20,"column":26},"end":{"line":20,"column":41}},{"start":{"line":20,"column":44},"end":{"line":20,"column":60}}]}},"s":{"0":1,"1":1,"2":2,"3":2,"4":2,"5":1,"6":1,"7":1,"8":1,"9":1,"10":1,"11":1},"f":{"0":1,"1":2},"b":{"0":[1],"1":[1,0]}}
,"/Users/sir_adek/dev/chainedthrift-server/src/domain/use-cases/user/create-user.ts": {"path":"/Users/sir_adek/dev/chainedthrift-server/src/domain/use-cases/user/create-user.ts","statementMap":{"0":{"start":{"line":1,"column":0},"end":{"line":1,"column":82}},"1":{"start":{"line":2,"column":0},"end":{"line":2,"column":90}},"2":{"start":{"line":6,"column":0},"end":{"line":6,"column":58}},"3":{"start":{"line":11,"column":8},"end":{"line":11,"column":45}},"4":{"start":{"line":17,"column":8},"end":{"line":40,"column":null}},"5":{"start":{"line":18,"column":31},"end":{"line":22,"column":14}},"6":{"start":{"line":24,"column":12},"end":{"line":30,"column":null}},"7":{"start":{"line":25,"column":28},"end":{"line":28,"column":18}},"8":{"start":{"line":29,"column":16},"end":{"line":29,"column":26}},"9":{"start":{"line":31,"column":27},"end":{"line":31,"column":69}},"10":{"start":{"line":32,"column":12},"end":{"line":37,"column":14}},"11":{"start":{"line":39,"column":12},"end":{"line":39,"column":24}},"12":{"start":{"line":8,"column":0},"end":{"line":8,"column":13}},"13":{"start":{"line":44,"column":13},"end":{"line":44,"column":61}}},"fnMap":{"0":{"name":"(anonymous_7)","decl":{"start":{"line":10,"column":4},"end":{"line":10,"column":16}},"loc":{"start":{"line":10,"column":47},"end":{"line":12,"column":5}}},"1":{"name":"(anonymous_8)","decl":{"start":{"line":14,"column":10},"end":{"line":14,"column":17}},"loc":{"start":{"line":14,"column":48},"end":{"line":41,"column":null}}}},"branchMap":{"0":{"loc":{"start":{"line":24,"column":12},"end":{"line":30,"column":null}},"type":"if","locations":[{"start":{"line":24,"column":12},"end":{"line":30,"column":null}}]}},"s":{"0":1,"1":1,"2":1,"3":1,"4":3,"5":3,"6":2,"7":1,"8":1,"9":1,"10":1,"11":2,"12":1,"13":1},"f":{"0":1,"1":3},"b":{"0":[1]}}
,"/Users/sir_adek/dev/chainedthrift-server/src/domain/use-cases/user/get-user.ts": {"path":"/Users/sir_adek/dev/chainedthrift-server/src/domain/use-cases/user/get-user.ts","statementMap":{"0":{"start":{"line":4,"column":0},"end":{"line":4,"column":61}},"1":{"start":{"line":5,"column":0},"end":{"line":5,"column":72}},"2":{"start":{"line":6,"column":0},"end":{"line":6,"column":90}},"3":{"start":{"line":10,"column":8},"end":{"line":10,"column":45}},"4":{"start":{"line":14,"column":8},"end":{"line":37,"column":null}},"5":{"start":{"line":15,"column":27},"end":{"line":18,"column":14}},"6":{"start":{"line":19,"column":25},"end":{"line":21,"column":14}},"7":{"start":{"line":22,"column":12},"end":{"line":28,"column":null}},"8":{"start":{"line":23,"column":28},"end":{"line":26,"column":18}},"9":{"start":{"line":27,"column":16},"end":{"line":27,"column":26}},"10":{"start":{"line":29,"column":12},"end":{"line":34,"column":14}},"11":{"start":{"line":36,"column":12},"end":{"line":36,"column":24}},"12":{"start":{"line":7,"column":0},"end":{"line":7,"column":13}},"13":{"start":{"line":41,"column":13},"end":{"line":41,"column":55}}},"fnMap":{"0":{"name":"(anonymous_7)","decl":{"start":{"line":9,"column":4},"end":{"line":9,"column":16}},"loc":{"start":{"line":9,"column":47},"end":{"line":11,"column":5}}},"1":{"name":"(anonymous_8)","decl":{"start":{"line":13,"column":10},"end":{"line":13,"column":17}},"loc":{"start":{"line":13,"column":35},"end":{"line":38,"column":null}}}},"branchMap":{"0":{"loc":{"start":{"line":22,"column":12},"end":{"line":28,"column":null}},"type":"if","locations":[{"start":{"line":22,"column":12},"end":{"line":28,"column":null}}]}},"s":{"0":1,"1":1,"2":1,"3":1,"4":2,"5":2,"6":1,"7":1,"8":0,"9":0,"10":1,"11":1,"12":1,"13":1},"f":{"0":1,"1":2},"b":{"0":[0]}}
,"/Users/sir_adek/dev/chainedthrift-server/src/domain/use-cases/user/utils/verifySignature.ts": {"path":"/Users/sir_adek/dev/chainedthrift-server/src/domain/use-cases/user/utils/verifySignature.ts","statementMap":{"0":{"start":{"line":1,"column":0},"end":{"line":1,"column":31}},"1":{"start":{"line":7,"column":31},"end":{"line":18,"column":1}},"2":{"start":{"line":8,"column":4},"end":{"line":17,"column":null}},"3":{"start":{"line":9,"column":54},"end":{"line":9,"column":60}},"4":{"start":{"line":10,"column":23},"end":{"line":10,"column":62}},"5":{"start":{"line":11,"column":8},"end":{"line":11,"column":68}},"6":{"start":{"line":13,"column":20},"end":{"line":15,"column":10}},"7":{"start":{"line":16,"column":8},"end":{"line":16,"column":18}},"8":{"start":{"line":7,"column":13},"end":{"line":7,"column":31}},"9":{"start":{"line":25,"column":34},"end":{"line":38,"column":1}},"10":{"start":{"line":28,"column":4},"end":{"line":37,"column":null}},"11":{"start":{"line":29,"column":39},"end":{"line":29,"column":45}},"12":{"start":{"line":30,"column":23},"end":{"line":30,"column":62}},"13":{"start":{"line":31,"column":8},"end":{"line":31,"column":22}},"14":{"start":{"line":33,"column":20},"end":{"line":35,"column":10}},"15":{"start":{"line":36,"column":8},"end":{"line":36,"column":18}},"16":{"start":{"line":25,"column":13},"end":{"line":25,"column":34}}},"fnMap":{"0":{"name":"(anonymous_0)","decl":{"start":{"line":7,"column":31},"end":{"line":7,"column":32}},"loc":{"start":{"line":7,"column":75},"end":{"line":18,"column":1}}},"1":{"name":"(anonymous_1)","decl":{"start":{"line":25,"column":34},"end":{"line":25,"column":null}},"loc":{"start":{"line":27,"column":12},"end":{"line":38,"column":1}}}},"branchMap":{},"s":{"0":2,"1":2,"2":3,"3":3,"4":3,"5":2,"6":1,"7":1,"8":2,"9":2,"10":2,"11":2,"12":2,"13":1,"14":1,"15":1,"16":2},"f":{"0":3,"1":2},"b":{}}
,"/Users/sir_adek/dev/chainedthrift-server/src/infrastructure/data-sources/mongodb/mongodb-user-data-source.ts": {"path":"/Users/sir_adek/dev/chainedthrift-server/src/infrastructure/data-sources/mongodb/mongodb-user-data-source.ts","statementMap":{"0":{"start":{"line":4,"column":0},"end":{"line":4,"column":73}},"1":{"start":{"line":10,"column":8},"end":{"line":10,"column":21}},"2":{"start":{"line":14,"column":8},"end":{"line":19,"column":null}},"3":{"start":{"line":15,"column":27},"end":{"line":15,"column":60}},"4":{"start":{"line":16,"column":12},"end":{"line":16,"column":26}},"5":{"start":{"line":18,"column":12},"end":{"line":18,"column":24}},"6":{"start":{"line":23,"column":8},"end":{"line":28,"column":null}},"7":{"start":{"line":24,"column":27},"end":{"line":24,"column":52}},"8":{"start":{"line":25,"column":12},"end":{"line":25,"column":26}},"9":{"start":{"line":27,"column":12},"end":{"line":27,"column":24}},"10":{"start":{"line":6,"column":0},"end":{"line":6,"column":13}},"11":{"start":{"line":32,"column":13},"end":{"line":32,"column":70}}},"fnMap":{"0":{"name":"(anonymous_7)","decl":{"start":{"line":9,"column":4},"end":{"line":9,"column":16}},"loc":{"start":{"line":9,"column":36},"end":{"line":11,"column":5}}},"1":{"name":"(anonymous_8)","decl":{"start":{"line":13,"column":10},"end":{"line":13,"column":20}},"loc":{"start":{"line":13,"column":36},"end":{"line":20,"column":null}}},"2":{"name":"(anonymous_10)","decl":{"start":{"line":22,"column":10},"end":{"line":22,"column":17}},"loc":{"start":{"line":22,"column":31},"end":{"line":29,"column":null}}}},"branchMap":{},"s":{"0":1,"1":1,"2":1,"3":1,"4":1,"5":0,"6":1,"7":1,"8":1,"9":0,"10":1,"11":1},"f":{"0":1,"1":1,"2":1},"b":{}}
,"/Users/sir_adek/dev/chainedthrift-server/src/infrastructure/repositories/user-repository.ts": {"path":"/Users/sir_adek/dev/chainedthrift-server/src/infrastructure/repositories/user-repository.ts","statementMap":{"0":{"start":{"line":4,"column":0},"end":{"line":4,"column":82}},"1":{"start":{"line":10,"column":8},"end":{"line":10,"column":45}},"2":{"start":{"line":14,"column":23},"end":{"line":14,"column":63}},"3":{"start":{"line":15,"column":8},"end":{"line":15,"column":22}},"4":{"start":{"line":19,"column":23},"end":{"line":19,"column":69}},"5":{"start":{"line":20,"column":8},"end":{"line":20,"column":22}},"6":{"start":{"line":6,"column":0},"end":{"line":6,"column":13}},"7":{"start":{"line":24,"column":13},"end":{"line":24,"column":73}}},"fnMap":{"0":{"name":"(anonymous_7)","decl":{"start":{"line":9,"column":4},"end":{"line":9,"column":16}},"loc":{"start":{"line":9,"column":47},"end":{"line":11,"column":5}}},"1":{"name":"(anonymous_8)","decl":{"start":{"line":13,"column":10},"end":{"line":13,"column":17}},"loc":{"start":{"line":13,"column":31},"end":{"line":16,"column":null}}},"2":{"name":"(anonymous_10)","decl":{"start":{"line":18,"column":10},"end":{"line":18,"column":20}},"loc":{"start":{"line":18,"column":36},"end":{"line":21,"column":null}}}},"branchMap":{},"s":{"0":1,"1":1,"2":1,"3":1,"4":1,"5":1,"6":1,"7":1},"f":{"0":1,"1":1,"2":1},"b":{}}
}
