TN:
SF:src/app.ts
FNF:0
FNH:0
DA:1,1
DA:3,1
DA:4,1
DA:6,1
LF:4
LH:4
BRF:0
BRH:0
end_of_record
TN:
SF:src/constants/signature-messages.ts
FNF:0
FNH:0
DA:1,2
DA:4,2
LF:2
LH:2
BRF:0
BRH:0
end_of_record
TN:
SF:src/domain/use-cases/user/check-user.ts
FN:6,(anonymous_7)
FN:10,(anonymous_8)
FNF:2
FNH:2
FNDA:1,(anonymous_7)
FNDA:2,(anonymous_8)
DA:3,1
DA:4,1
DA:7,1
DA:11,2
DA:12,2
DA:13,2
DA:14,1
DA:17,1
DA:19,1
DA:20,1
DA:22,1
DA:27,1
LF:12
LH:12
BRDA:13,0,0,1
BRDA:20,1,0,1
BRDA:20,1,1,0
BRF:3
BRH:2
end_of_record
TN:
SF:src/domain/use-cases/user/create-user.ts
FN:10,(anonymous_7)
FN:14,(anonymous_8)
FNF:2
FNH:2
FNDA:1,(anonymous_7)
FNDA:3,(anonymous_8)
DA:1,1
DA:2,1
DA:6,1
DA:8,1
DA:11,1
DA:17,3
DA:18,3
DA:24,2
DA:25,1
DA:29,1
DA:31,1
DA:32,1
DA:39,2
DA:44,1
LF:14
LH:14
BRDA:24,0,0,1
BRF:1
BRH:1
end_of_record
TN:
SF:src/domain/use-cases/user/get-user.ts
FN:9,(anonymous_7)
FN:13,(anonymous_8)
FNF:2
FNH:2
FNDA:1,(anonymous_7)
FNDA:2,(anonymous_8)
DA:4,1
DA:5,1
DA:6,1
DA:7,1
DA:10,1
DA:14,2
DA:15,2
DA:19,1
DA:22,1
DA:23,0
DA:27,0
DA:29,1
DA:36,1
DA:41,1
LF:14
LH:12
BRDA:22,0,0,0
BRF:1
BRH:0
end_of_record
TN:
SF:src/domain/use-cases/user/utils/verifySignature.ts
FN:7,(anonymous_0)
FN:25,(anonymous_1)
FNF:2
FNH:2
FNDA:3,(anonymous_0)
FNDA:2,(anonymous_1)
DA:1,2
DA:7,2
DA:8,3
DA:9,3
DA:10,3
DA:11,2
DA:13,1
DA:16,1
DA:25,2
DA:28,2
DA:29,2
DA:30,2
DA:31,1
DA:33,1
DA:36,1
LF:15
LH:15
BRF:0
BRH:0
end_of_record
TN:
SF:src/infrastructure/data-sources/mongodb/mongodb-user-data-source.ts
FN:9,(anonymous_7)
FN:13,(anonymous_8)
FN:22,(anonymous_10)
FNF:3
FNH:3
FNDA:1,(anonymous_7)
FNDA:1,(anonymous_8)
FNDA:1,(anonymous_10)
DA:4,1
DA:6,1
DA:10,1
DA:14,1
DA:15,1
DA:16,1
DA:18,0
DA:23,1
DA:24,1
DA:25,1
DA:27,0
DA:32,1
LF:12
LH:10
BRF:0
BRH:0
end_of_record
TN:
SF:src/infrastructure/repositories/user-repository.ts
FN:9,(anonymous_7)
FN:13,(anonymous_8)
FN:18,(anonymous_10)
FNF:3
FNH:3
FNDA:1,(anonymous_7)
FNDA:1,(anonymous_8)
FNDA:1,(anonymous_10)
DA:4,1
DA:6,1
DA:10,1
DA:14,1
DA:15,1
DA:19,1
DA:20,1
DA:24,1
LF:8
LH:8
BRF:0
BRH:0
end_of_record
TN:
SF:src/presentation/routers/user-router.ts
FN:10,(anonymous_8)
FN:19,(anonymous_9)
FN:23,(anonymous_10)
FN:40,(anonymous_11)
FN:44,(anonymous_12)
FN:65,(anonymous_13)
FN:72,(anonymous_14)
FNF:7
FNH:7
FNDA:1,(anonymous_8)
FNDA:2,(anonymous_9)
FNDA:2,(anonymous_10)
FNDA:2,(anonymous_11)
FNDA:2,(anonymous_12)
FNDA:3,(anonymous_13)
FNDA:3,(anonymous_14)
DA:1,1
DA:6,1
DA:7,1
DA:8,1
DA:10,1
DA:15,1
DA:17,1
DA:23,2
DA:24,2
DA:25,2
DA:26,1
DA:27,1
DA:29,1
DA:30,1
DA:31,1
DA:33,0
DA:38,1
DA:44,2
DA:45,2
DA:47,2
DA:48,1
DA:52,1
DA:54,1
DA:55,1
DA:56,1
DA:58,0
DA:63,1
DA:72,3
DA:73,3
DA:74,3
DA:76,3
DA:77,2
DA:81,2
DA:83,1
DA:84,1
DA:86,0
DA:91,1
DA:94,1
DA:96,1
LF:39
LH:36
BRDA:25,0,0,1
BRDA:47,1,0,1
BRDA:76,2,0,2
BRDA:76,3,0,3
BRDA:76,3,1,2
BRF:5
BRH:5
end_of_record
