TN:
SF:src/constants/signature-messages.ts
FNF:0
FNH:0
DA:1,2
DA:4,2
LF:2
LH:2
BRF:0
BRH:0
end_of_record
TN:
SF:src/domain/use-cases/user/check-user.ts
FN:6,(anonymous_7)
FN:10,(anonymous_8)
FNF:2
FNH:2
FNDA:1,(anonymous_7)
FNDA:2,(anonymous_8)
DA:3,1
DA:4,1
DA:7,1
DA:11,2
DA:12,2
DA:13,2
DA:14,1
DA:17,1
DA:19,1
DA:20,1
DA:22,1
DA:27,1
LF:12
LH:12
BRDA:13,0,0,1
BRDA:20,1,0,1
BRDA:20,1,1,0
BRF:3
BRH:2
end_of_record
TN:
SF:src/domain/use-cases/user/create-user.ts
FN:10,(anonymous_7)
FN:14,(anonymous_8)
FNF:2
FNH:2
FNDA:1,(anonymous_7)
FNDA:3,(anonymous_8)
DA:1,1
DA:2,1
DA:6,1
DA:8,1
DA:11,1
DA:17,3
DA:18,3
DA:24,2
DA:25,1
DA:29,1
DA:31,1
DA:32,1
DA:39,2
DA:44,1
LF:14
LH:14
BRDA:24,0,0,1
BRF:1
BRH:1
end_of_record
TN:
SF:src/domain/use-cases/user/get-user.ts
FN:9,(anonymous_7)
FN:13,(anonymous_8)
FNF:2
FNH:2
FNDA:1,(anonymous_7)
FNDA:2,(anonymous_8)
DA:4,1
DA:5,1
DA:6,1
DA:7,1
DA:10,1
DA:14,2
DA:15,2
DA:19,1
DA:22,1
DA:23,0
DA:27,0
DA:29,1
DA:36,1
DA:41,1
LF:14
LH:12
BRDA:22,0,0,0
BRF:1
BRH:0
end_of_record
TN:
SF:src/domain/use-cases/user/utils/verifySignature.ts
FN:7,(anonymous_0)
FN:25,(anonymous_1)
FNF:2
FNH:2
FNDA:3,(anonymous_0)
FNDA:2,(anonymous_1)
DA:1,2
DA:7,2
DA:8,3
DA:9,3
DA:10,3
DA:11,2
DA:13,1
DA:16,1
DA:25,2
DA:28,2
DA:29,2
DA:30,2
DA:31,1
DA:33,1
DA:36,1
LF:15
LH:15
BRF:0
BRH:0
end_of_record
TN:
SF:src/infrastructure/data-sources/mongodb/mongodb-user-data-source.ts
FN:9,(anonymous_7)
FN:13,(anonymous_8)
FN:22,(anonymous_10)
FNF:3
FNH:3
FNDA:1,(anonymous_7)
FNDA:1,(anonymous_8)
FNDA:1,(anonymous_10)
DA:4,1
DA:6,1
DA:10,1
DA:14,1
DA:15,1
DA:16,1
DA:18,0
DA:23,1
DA:24,1
DA:25,1
DA:27,0
DA:32,1
LF:12
LH:10
BRF:0
BRH:0
end_of_record
TN:
SF:src/infrastructure/repositories/user-repository.ts
FN:9,(anonymous_7)
FN:13,(anonymous_8)
FN:18,(anonymous_10)
FNF:3
FNH:3
FNDA:1,(anonymous_7)
FNDA:1,(anonymous_8)
FNDA:1,(anonymous_10)
DA:4,1
DA:6,1
DA:10,1
DA:14,1
DA:15,1
DA:19,1
DA:20,1
DA:24,1
LF:8
LH:8
BRF:0
BRH:0
end_of_record
